<?xml version="1.0" encoding="UTF-8"?>
<!-- Generated by org.testng.reporters.JUnitReportReporter -->
<testsuite hostname="YASHAWANTH" failures="0" tests="1" name="All12TCusingTestNGIMplementation.CreateOppertunitiesusingTestNGpomImple" time="103.662" errors="0" timestamp="2024-10-25T10:27:08 IST" skipped="0">
  <testcase classname="All12TCusingTestNGIMplementation.CreateOppertunitiesusingTestNGpomImple" name="CreateOppertunities" time="103.662"/>
  <system-out/>
</testsuite> <!-- All12TCusingTestNGIMplementation.CreateOppertunitiesusingTestNGpomImple -->
