<?xml version="1.0" encoding="UTF-8"?>
<!-- Generated by org.testng.reporters.JUnitReportReporter -->
<testsuite hostname="YASHAWANTH" failures="0" tests="1" name="All12TCusingTestNGIMplementation.CreateOppertunitiesusingTestNGpom" time="40.470" errors="0" timestamp="2024-10-19T11:17:09 IST" skipped="0">
  <testcase classname="All12TCusingTestNGIMplementation.CreateOppertunitiesusingTestNGpom" name="CreateOppertunities" time="40.470"/>
  <system-out/>
</testsuite> <!-- All12TCusingTestNGIMplementation.CreateOppertunitiesusingTestNGpom -->
