<?xml version="1.0" encoding="UTF-8"?>
<!-- Generated by org.testng.reporters.JUnitReportReporter -->
<testsuite hostname="YASHAWANTH" failures="0" tests="1" name="Practice.testng.InvoiceTest" time="13.177" errors="0" timestamp="2024-10-23T17:40:19 IST" skipped="0">
  <testcase classname="Practice.testng.InvoiceTest" name="CreateInvoiceTest" time="13.177"/>
  <system-out/>
</testsuite> <!-- Practice.testng.InvoiceTest -->
