<?xml version="1.0" encoding="UTF-8"?>
<!-- Generated by org.testng.reporters.JUnitReportReporter -->
<testsuite hostname="YASHAWANTH" failures="0" tests="1" name="Prcatice.pom.repository.SampleTestWithpom" time="29.463" errors="0" timestamp="2024-10-09T16:18:25 IST" skipped="0">
  <testcase classname="Prcatice.pom.repository.SampleTestWithpom" name="sampleTest" time="29.463"/>
  <system-out/>
</testsuite> <!-- Prcatice.pom.repository.SampleTestWithpom -->
