<?xml version="1.0" encoding="UTF-8"?>
<!-- Generated by org.testng.reporters.JUnitReportReporter -->
<testsuite hostname="YASHAWANTH" failures="0" tests="2" name="Practice.testng.Sampletestng" time="0.014" errors="0" timestamp="2024-10-16T18:03:30 IST" skipped="0">
  <testcase classname="Practice.testng.Sampletestng" name="Sampletestng" time="0.012"/>
  <system-out/>
  <testcase classname="Practice.testng.Sampletestng" name="Sampletestng1" time="0.002"/>
  <system-out/>
</testsuite> <!-- Practice.testng.Sampletestng -->
