<?xml version="1.0" encoding="UTF-8"?>
<!-- Generated by org.testng.reporters.JUnitReportReporter -->
<testsuite hostname="YASHAWANTH" failures="0" tests="2" name="com.crm.comcast.ORG.CreateOrgTest" time="0.007" errors="0" timestamp="2024-10-18T14:21:47 IST" skipped="0">
  <testcase classname="com.crm.comcast.ORG.CreateOrgTest" name="CreateOrgwithIndustryTest" time="0.003"/>
  <system-out/>
  <testcase classname="com.crm.comcast.ORG.CreateOrgTest" name="CreateOrgTest" time="0.004"/>
  <system-out/>
</testsuite> <!-- com.crm.comcast.ORG.CreateOrgTest -->
