<?xml version="1.0" encoding="UTF-8"?>
<!-- Generated by org.testng.reporters.JUnitReportReporter -->
<testsuite hostname="YASHAWANTH" failures="0" tests="3" name="Practice.testng.ContactTest" time="0.014" errors="0" timestamp="2024-10-17T11:03:18 IST" skipped="0">
  <testcase classname="Practice.testng.ContactTest" name="CreateContactTest" time="0.011"/>
  <system-out/>
  <testcase classname="Practice.testng.ContactTest" name="modifyContactTest" time="0.001"/>
  <system-out/>
  <testcase classname="Practice.testng.ContactTest" name="deleteContactTest" time="0.002"/>
  <system-out/>
</testsuite> <!-- Practice.testng.ContactTest -->
