<?xml version="1.0" encoding="UTF-8"?>
<!-- Generated by org.testng.reporters.JUnitReportReporter -->
<testsuite hostname="YASHAWANTH" failures="0" tests="1" name="Practice.testng.TimeStamp" time="0.056" errors="0" timestamp="2024-10-23T15:56:04 IST" skipped="0">
  <testcase classname="Practice.testng.TimeStamp" name="Time" time="0.056"/>
  <system-out/>
</testsuite> <!-- Practice.testng.TimeStamp -->
