<?xml version="1.0" encoding="UTF-8"?>
<!-- Generated by org.testng.reporters.JUnitReportReporter -->
<testsuite hostname="YASHAWANTH" failures="0" tests="1" name="Practice.testng.SampleTestforScreenshot" time="15.799" errors="0" timestamp="2024-10-22T18:15:25 IST" skipped="0">
  <testcase classname="Practice.testng.SampleTestforScreenshot" name="amazonTest" time="15.799"/>
  <system-out/>
</testsuite> <!-- Practice.testng.SampleTestforScreenshot -->
