<?xml version="1.0" encoding="UTF-8"?>
<!-- Generated by org.testng.reporters.JUnitReportReporter -->
<testsuite hostname="YASHAWANTH" failures="0" tests="2" name="Practice.testng.SampleReportformultipleTCTest" time="0.023" errors="0" timestamp="2024-10-28T12:50:17 IST" skipped="0">
  <testcase classname="Practice.testng.SampleReportformultipleTCTest" name="CreateContact_PHoneno" time="0.002"/>
  <system-out/>
  <testcase classname="Practice.testng.SampleReportformultipleTCTest" name="CreateContactWith_Org" time="0.021"/>
  <system-out/>
</testsuite> <!-- Practice.testng.SampleReportformultipleTCTest -->
