<?xml version="1.0" encoding="UTF-8"?>
<!-- Generated by org.testng.reporters.JUnitReportReporter -->
<testsuite hostname="YASHAWANTH" failures="0" tests="2" name="OwnPracticetest.TestNGThreadCount" time="6.368" errors="0" timestamp="2024-10-22T10:08:36 IST" skipped="0">
  <testcase classname="OwnPracticetest.TestNGThreadCount" name="Createorg" time="1.448"/>
  <system-out/>
  <testcase classname="OwnPracticetest.TestNGThreadCount" name="Create" time="4.920"/>
  <system-out/>
</testsuite> <!-- OwnPracticetest.TestNGThreadCount -->
