<?xml version="1.0" encoding="UTF-8"?>
<!-- Generated by org.testng.reporters.JUnitReportReporter -->
<testsuite hostname="YASHAWANTH" failures="0" tests="2" name="Practice.hometest.HomepageVerificationusingSoftAssert" time="15.926" errors="0" timestamp="2024-10-22T12:37:40 IST" skipped="0">
  <testcase classname="Practice.hometest.HomepageVerificationusingSoftAssert" name="homepageTest" time="9.187"/>
  <system-out/>
  <testcase classname="Practice.hometest.HomepageVerificationusingSoftAssert" name="VerifyLogoHomePageTest" time="6.739"/>
  <system-out/>
</testsuite> <!-- Practice.hometest.HomepageVerificationusingSoftAssert -->
