<?xml version="1.0" encoding="UTF-8"?>
<!-- Generated by org.testng.reporters.JUnitReportReporter -->
<testsuite hostname="YASHAWANTH" failures="0" tests="1" name="Practice.testng.SampleReportTest" time="0.887" errors="0" timestamp="2024-10-28T11:03:45 IST" skipped="0">
  <testcase classname="Practice.testng.SampleReportTest" name="CreateContact" time="0.887"/>
  <system-out/>
</testsuite> <!-- Practice.testng.SampleReportTest -->
