<?xml version="1.0" encoding="UTF-8"?>
<!-- Generated by org.testng.reporters.JUnitReportReporter -->
<testsuite hostname="YASHAWANTH" failures="0" tests="5" name="All12TCusingTestNGIMplementation.CreatecontactTestpom" time="167.695" errors="0" timestamp="2024-10-19T09:50:37 IST" skipped="0">
  <testcase classname="All12TCusingTestNGIMplementation.CreatecontactTestpom" name="CreateContactwithSupportDate" time="43.859"/>
  <system-out/>
  <testcase classname="All12TCusingTestNGIMplementation.CreatecontactTestpom" name="CreatecontactTest" time="15.538"/>
  <system-out/>
  <testcase classname="All12TCusingTestNGIMplementation.CreatecontactTestpom" name="CreateConatctwithEmail" time="63.875"/>
  <system-out/>
  <testcase classname="All12TCusingTestNGIMplementation.CreatecontactTestpom" name="ReportofOrgnContactTC06Pom" time="14.102"/>
  <system-out/>
  <testcase classname="All12TCusingTestNGIMplementation.CreatecontactTestpom" name="CreateContactwithOrg" time="30.321"/>
  <system-out/>
</testsuite> <!-- All12TCusingTestNGIMplementation.CreatecontactTestpom -->
