<?xml version="1.0" encoding="UTF-8"?>
<!-- Generated by org.testng.reporters.JUnitReportReporter -->
<testsuite hostname="YASHAWANTH" failures="0" tests="3" name="Practice.testng.ContactwithPhonenum_usingDataproviderTest" time="0.017" errors="0" timestamp="2024-10-17T13:04:15 IST" skipped="0">
  <testcase classname="Practice.testng.ContactwithPhonenum_usingDataproviderTest" name="CreateContactTest" time="0.002"/>
  <system-out/>
  <testcase classname="Practice.testng.ContactwithPhonenum_usingDataproviderTest" name="CreateContactTest" time="0.014"/>
  <system-out/>
  <testcase classname="Practice.testng.ContactwithPhonenum_usingDataproviderTest" name="CreateContactTest" time="0.001"/>
  <system-out/>
</testsuite> <!-- Practice.testng.ContactwithPhonenum_usingDataproviderTest -->
