<?xml version="1.0" encoding="UTF-8"?>
<!-- Generated by org.testng.reporters.JUnitReportReporter -->
<testsuite hostname="YASHAWANTH" failures="0" tests="1" name="TaskofVTIGER6TCown.CLiniqScenarioTest" time="30.042" errors="0" timestamp="2024-10-30T15:29:56 IST" skipped="0">
  <testcase classname="TaskofVTIGER6TCown.CLiniqScenarioTest" name="DisplayddOptions" time="30.042"/>
  <system-out/>
</testsuite> <!-- TaskofVTIGER6TCown.CLiniqScenarioTest -->
