<?xml version="1.0" encoding="UTF-8"?>
<!-- Generated by org.testng.reporters.JUnitReportReporter -->
<testsuite hostname="YASHAWANTH" failures="0" tests="1" name="REPORTs.IMpleforexample.REport_with_screenshot" time="33.589" errors="0" timestamp="2024-10-28T13:25:02 IST" skipped="0">
  <testcase classname="REPORTs.IMpleforexample.REport_with_screenshot" name="Create_org_with_sc" time="33.589"/>
  <system-out/>
</testsuite> <!-- REPORTs.IMpleforexample.REport_with_screenshot -->
