<?xml version="1.0" encoding="UTF-8"?>
<!-- Generated by org.testng.reporters.JUnitReportReporter -->
<testsuite hostname="YASHAWANTH" failures="0" tests="3" name="Practice.testng.ContactTest_usingDataprovider" time="0.015" errors="0" timestamp="2024-10-17T12:51:01 IST" skipped="0">
  <testcase classname="Practice.testng.ContactTest_usingDataprovider" name="CreateContactTest" time="0.011"/>
  <system-out/>
  <testcase classname="Practice.testng.ContactTest_usingDataprovider" name="CreateContactTest" time="0.002"/>
  <system-out/>
  <testcase classname="Practice.testng.ContactTest_usingDataprovider" name="CreateContactTest" time="0.002"/>
  <system-out/>
</testsuite> <!-- Practice.testng.ContactTest_usingDataprovider -->
