<?xml version="1.0" encoding="UTF-8"?>
<!-- Generated by org.testng.reporters.JUnitReportReporter -->
<testsuite hostname="YASHAWANTH" failures="0" tests="1" name="All12TCusingTestNGIMplementation.CreateLeadsusingTEstngIMple" time="76.122" errors="0" timestamp="2024-10-25T10:27:08 IST" skipped="0">
  <testcase classname="All12TCusingTestNGIMplementation.CreateLeadsusingTEstngIMple" name="CreateLeads" time="76.122"/>
  <system-out/>
</testsuite> <!-- All12TCusingTestNGIMplementation.CreateLeadsusingTEstngIMple -->
