<?xml version="1.0" encoding="UTF-8"?>
<!-- Generated by org.testng.reporters.JUnitReportReporter -->
<testsuite hostname="YASHAWANTH" failures="0" tests="1" name="All12TCusingTestNGIMplementation.CreateTicketusingTestngImple" time="64.026" errors="0" timestamp="2024-10-25T10:27:08 IST" skipped="0">
  <testcase classname="All12TCusingTestNGIMplementation.CreateTicketusingTestngImple" name="CreateTicket1" time="64.026"/>
  <system-out/>
</testsuite> <!-- All12TCusingTestNGIMplementation.CreateTicketusingTestngImple -->
