<?xml version="1.0" encoding="UTF-8"?>
<!-- Generated by org.testng.reporters.JUnitReportReporter -->
<testsuite hostname="YASHAWANTH" failures="0" tests="1" name="All12TCusingTestNGIMplementation.CreteOrgTestPOMusingTestNGimple" time="21.685" errors="0" timestamp="2024-10-28T16:12:37 IST" skipped="0">
  <testcase classname="All12TCusingTestNGIMplementation.CreteOrgTestPOMusingTestNGimple" name="CreateOrg" time="21.685"/>
  <system-out/>
</testsuite> <!-- All12TCusingTestNGIMplementation.CreteOrgTestPOMusingTestNGimple -->
