<?xml version="1.0" encoding="UTF-8"?>
<!-- Generated by org.testng.reporters.JUnitReportReporter -->
<testsuite hostname="YASHAWANTH" failures="0" tests="2" name="com.pac1.CraeteContactTest" time="0.010" errors="0" timestamp="2024-10-18T14:21:47 IST" skipped="0">
  <testcase classname="com.pac1.CraeteContactTest" name="CreateContactwithDate" time="0.002"/>
  <system-out/>
  <testcase classname="com.pac1.CraeteContactTest" name="CreateContact" time="0.008"/>
  <system-out/>
</testsuite> <!-- com.pac1.CraeteContactTest -->
