<?xml version="1.0" encoding="UTF-8"?>
<!-- Generated by org.testng.reporters.JUnitReportReporter -->
<testsuite hostname="YASHAWANTH" failures="0" tests="2" name="OwnPracticetest.AAAAAAAAA" time="3.330" errors="0" timestamp="2024-10-22T10:08:36 IST" skipped="0">
  <testcase classname="OwnPracticetest.AAAAAAAAA" name="Create21111" time="2.185"/>
  <system-out/>
  <testcase classname="OwnPracticetest.AAAAAAAAA" name="Createorg222222" time="1.145"/>
  <system-out/>
</testsuite> <!-- OwnPracticetest.AAAAAAAAA -->
