<?xml version="1.0" encoding="UTF-8"?>
<!-- Generated by org.testng.reporters.JUnitReportReporter -->
<testsuite hostname="YASHAWANTH" failures="0" tests="1" name="All12TCusingTestNGIMplementation.CreateTicket" time="30.532" errors="0" timestamp="2024-10-19T11:21:06 IST" skipped="0">
  <testcase classname="All12TCusingTestNGIMplementation.CreateTicket" name="CreateTicket1" time="30.532"/>
  <system-out/>
</testsuite> <!-- All12TCusingTestNGIMplementation.CreateTicket -->
