<?xml version="1.0" encoding="UTF-8"?>
<!-- Generated by org.testng.reporters.JUnitReportReporter -->
<testsuite hostname="YASHAWANTH" failures="0" tests="6" name="Practice.testng.OrderTest" time="0.018" errors="0" timestamp="2024-10-17T11:10:27 IST" skipped="0">
  <testcase classname="Practice.testng.OrderTest" name="CreateOrderTest_______1" time="0.011"/>
  <system-out/>
  <testcase classname="Practice.testng.OrderTest" name="BillingOrderTest___________1" time="0.001"/>
  <system-out/>
  <testcase classname="Practice.testng.OrderTest" name="CreateOrderTest_______1" time="0.002"/>
  <system-out/>
  <testcase classname="Practice.testng.OrderTest" name="CreateOrderTest_______1" time="0.001"/>
  <system-out/>
  <testcase classname="Practice.testng.OrderTest" name="CreateOrderTest_______1" time="0.002"/>
  <system-out/>
  <testcase classname="Practice.testng.OrderTest" name="CreateOrderTest_______1" time="0.001"/>
  <system-out/>
</testsuite> <!-- Practice.testng.OrderTest -->
